<?xml version="1.0" encoding="UTF-8"?>
<testng-results skipped="0" failed="0" ignored="0" total="1" passed="1">
  <reporter-output>
  </reporter-output>
  <suite name="Suite" duration-ms="8031" started-at="2019-03-27T15:27:53Z" finished-at="2019-03-27T15:28:01Z">
    <groups>
    </groups>
    <test name="Test" duration-ms="8031" started-at="2019-03-27T15:27:53Z" finished-at="2019-03-27T15:28:01Z">
      <class name="com.gs.selenium.testcases.LoginTest">
        <test-method status="PASS" signature="login(java.lang.String, java.lang.String)[pri:0, instance:com.gs.selenium.testcases.LoginTest@4961f6af]" name="login" duration-ms="7388" started-at="2019-03-27T15:27:53Z" data-provider="data-provider" finished-at="2019-03-27T15:28:01Z">
          <params>
            <param index="0">
              <value>
                <![CDATA[mercury]]>
              </value>
            </param>
            <param index="1">
              <value>
                <![CDATA[mercury]]>
              </value>
            </param>
          </params>
          <reporter-output>
          </reporter-output>
        </test-method> <!-- login -->
        <test-method status="PASS" signature="tearDown()[pri:0, instance:com.gs.selenium.testcases.LoginTest@4961f6af]" name="tearDown" is-config="true" duration-ms="606" started-at="2019-03-27T15:28:01Z" finished-at="2019-03-27T15:28:01Z">
          <reporter-output>
          </reporter-output>
        </test-method> <!-- tearDown -->
      </class> <!-- com.gs.selenium.testcases.LoginTest -->
    </test> <!-- Test -->
  </suite> <!-- Suite -->
</testng-results>
