<?xml version="1.0" encoding="UTF-8"?>
<testng-results skipped="0" failed="0" ignored="0" total="1" passed="1">
  <reporter-output>
  </reporter-output>
  <suite name="Default suite" duration-ms="24785" started-at="2019-03-27T17:50:59Z" finished-at="2019-03-27T17:51:24Z">
    <groups>
    </groups>
    <test name="Default test" duration-ms="24785" started-at="2019-03-27T17:50:59Z" finished-at="2019-03-27T17:51:24Z">
      <class name="com.gs.selenium.testcases.LoginTest">
        <test-method status="PASS" signature="login(java.lang.String, java.lang.String)[pri:0, instance:com.gs.selenium.testcases.LoginTest@1349883]" name="login" duration-ms="22484" started-at="2019-03-27T17:51:00Z" data-provider="data-provider" finished-at="2019-03-27T17:51:22Z">
          <params>
            <param index="0">
              <value>
                <![CDATA[mercury]]>
              </value>
            </param>
            <param index="1">
              <value>
                <![CDATA[mercury]]>
              </value>
            </param>
          </params>
          <reporter-output>
          </reporter-output>
        </test-method> <!-- login -->
        <test-method status="PASS" signature="tearDown()[pri:0, instance:com.gs.selenium.testcases.LoginTest@1349883]" name="tearDown" is-config="true" duration-ms="2189" started-at="2019-03-27T17:51:22Z" finished-at="2019-03-27T17:51:24Z">
          <reporter-output>
          </reporter-output>
        </test-method> <!-- tearDown -->
      </class> <!-- com.gs.selenium.testcases.LoginTest -->
    </test> <!-- Default test -->
  </suite> <!-- Default suite -->
</testng-results>
